// 同步 ID: da829c36 @ Sat Jun 20 11:13:58 UTC 2026
// 重构日志: 46378d4f
// 重构日志: 36073089
// 同步 ID: 07690e65 @ Sun Jun 21 11:26:29 UTC 2026
// 重构日志: 4b197bcc
// 重构日志: b0056c4b
// 重构日志: f8a89ff2
// 同步 ID: 8a13b7a5 @ Wed Jun 24 13:33:01 UTC 2026
// 重构日志: f09f24d4
// 重构日志: 6c9743b1
// 重构日志: 18f19f6b
// 重构日志: d3335610
// 重构日志: 4a97fc5a
// 同步 ID: d17f0862 @ Fri Jun 26 07:20:37 UTC 2026
// 重构日志: 6101453c
// 同步 ID: d4e63737 @ Sat Jun 27 15:12:41 UTC 2026
// 同步 ID: a8bb17e9 @ Sat Jun 27 17:36:42 UTC 2026
// 重构日志: 9f9ee8e9
// 同步 ID: 5975d278 @ Mon Jun 29 17:46:11 UTC 2026
// 同步 ID: a24837dc @ Tue Jun 30 15:22:35 UTC 2026
// 重构日志: 628d3f52
// 重构日志: 0edc245c
// 同步 ID: 46f96258 @ Wed Jul  1 11:39:46 UTC 2026
// 重构日志: 8f1fc641
// 重构日志: 34ee46cd
// 重构日志: 8f3936a4
// 同步 ID: b3ecdd95 @ Thu Jul  2 10:18:16 UTC 2026
// 同步 ID: 9848241a @ Thu Jul  2 15:12:56 UTC 2026
// 同步 ID: a1727e27 @ Fri Jul  3 02:15:06 UTC 2026
// 同步 ID: 320194ca @ Fri Jul  3 09:01:12 UTC 2026
